<?xml version="1.0" encoding="UTF-8"?>
<!-- Generated by org.testng.reporters.JUnitReportReporter -->
<testsuite hostname="EC2AMAZ-S11DBRH" failures="0" tests="3" name="runners.CRMRunner" time="0.186" errors="0" timestamp="2023-12-18T07:50:39 GMT" skipped="0">
  <testcase classname="runners.CRMRunner" name="runScenario" time="0.024"/>
  <system-out/>
  <testcase classname="runners.CRMRunner" name="runScenario" time="0.018"/>
  <system-out/>
  <testcase classname="runners.CRMRunner" name="runScenario" time="0.144"/>
  <system-out/>
</testsuite> <!-- runners.CRMRunner -->
