<?xml version="1.0" encoding="UTF-8"?>
<!-- Generated by org.testng.reporters.JUnitReportReporter -->
<testsuite hostname="EC2AMAZ-S11DBRH" failures="0" tests="4" name="runners.CRMRunner" time="0.242" errors="0" timestamp="2023-12-19T04:47:29 GMT" skipped="0">
  <testcase classname="runners.CRMRunner" name="runScenario" time="0.035"/>
  <system-out/>
  <testcase classname="runners.CRMRunner" name="runScenario" time="0.152"/>
  <system-out/>
  <testcase classname="runners.CRMRunner" name="runScenario" time="0.029"/>
  <system-out/>
  <testcase classname="runners.CRMRunner" name="runScenario" time="0.026"/>
  <system-out/>
</testsuite> <!-- runners.CRMRunner -->
