<?xml version="1.0" encoding="UTF-8"?>
<!-- Generated by org.testng.reporters.JUnitReportReporter -->
<testsuite hostname="EC2AMAZ-S11DBRH" failures="0" tests="1" name="runners.UserLogin" time="5.549" errors="0" timestamp="2023-12-18T05:25:43 GMT" skipped="0">
  <testcase classname="runners.UserLogin" name="runScenario" time="5.549"/>
  <system-out/>
</testsuite> <!-- runners.UserLogin -->
